14:21:27.533  INFO  manager.ApplicationManager - All test run in firefox browser
14:21:31.000  INFO  manager.ApplicationManager - current url ---->https://contacts-app.tobbymarshall815.vercel.app/home
14:21:31.057  INFO  tests.TestBase - Start method with name --> loginNegativeTestsWrongEmail
14:21:36.098  INFO  manager.MyListener - WebDriver start find element -->By.cssSelector: a[href='/login']
14:21:36.136  INFO  manager.MyListener - WebDriver found element by locator -->By.cssSelector: a[href='/login']
14:21:36.399  INFO  manager.MyListener - WebDriver start find element -->By.xpath: //input[1]
14:21:36.436  INFO  manager.MyListener - WebDriver found element by locator -->By.xpath: //input[1]
14:21:36.737  INFO  manager.MyListener - WebDriver start find element -->By.xpath: //input[2]
14:21:36.769  INFO  manager.MyListener - WebDriver found element by locator -->By.xpath: //input[2]
14:21:43.057  INFO  manager.MyListener - WebDriver start find element -->By.xpath: //button[1]
14:21:43.088  INFO  manager.MyListener - WebDriver found element by locator -->By.xpath: //button[1]
14:21:43.358  INFO  manager.MyListener - The name of method with error is --> public abstract org.openqa.selenium.Alert org.openqa.selenium.WebDriver$TargetLocator.alert()
14:21:43.373  INFO  manager.MyListener - Houston, we have a problem org.openqa.selenium.NoAlertPresentException: Build info: version: '4.2.2', revision: '683ccb65d6'
System info: host: 'DESKTOP-31QDJF0', ip: '192.168.1.203', os.name: 'Windows 10', os.arch: 'amd64', os.version: '10.0', java.version: '11.0.15.1'
Driver info: org.openqa.selenium.firefox.FirefoxDriver
Command: [01e07ce9-80f8-4a89-87bc-962201ab6bc7, getAlertText {}]
Capabilities {acceptInsecureCerts: true, browserName: firefox, browserVersion: 103.0.1, moz:accessibilityChecks: false, moz:buildID: 20220729222726, moz:debuggerAddress: localhost:56738, moz:geckodriverVersion: 0.31.0, moz:headless: false, moz:platformVersion: 10.0, moz:processID: 19764, moz:profile: C:\Users\alexa\AppData\Loca..., moz:shutdownTimeout: 60000, moz:useNonSpecCompliantPointerOrigin: false, moz:webdriverClick: true, moz:windowless: false, pageLoadStrategy: normal, platformName: WINDOWS, proxy: Proxy(), se:cdp: ws://localhost:56738/devtoo..., se:cdpVersion: 85.0, setWindowRect: true, strictFileInteractability: false, timeouts: {implicit: 0, pageLoad: 300000, script: 30000}, unhandledPromptBehavior: dismiss and notify}
Session ID: 01e07ce9-80f8-4a89-87bc-962201ab6bc7
14:21:43.927  INFO  manager.MyListener - The name of method with error is --> public abstract org.openqa.selenium.Alert org.openqa.selenium.WebDriver$TargetLocator.alert()
14:21:43.927  INFO  manager.MyListener - Houston, we have a problem org.openqa.selenium.NoAlertPresentException: Build info: version: '4.2.2', revision: '683ccb65d6'
System info: host: 'DESKTOP-31QDJF0', ip: '192.168.1.203', os.name: 'Windows 10', os.arch: 'amd64', os.version: '10.0', java.version: '11.0.15.1'
Driver info: org.openqa.selenium.firefox.FirefoxDriver
Command: [01e07ce9-80f8-4a89-87bc-962201ab6bc7, getAlertText {}]
Capabilities {acceptInsecureCerts: true, browserName: firefox, browserVersion: 103.0.1, moz:accessibilityChecks: false, moz:buildID: 20220729222726, moz:debuggerAddress: localhost:56738, moz:geckodriverVersion: 0.31.0, moz:headless: false, moz:platformVersion: 10.0, moz:processID: 19764, moz:profile: C:\Users\alexa\AppData\Loca..., moz:shutdownTimeout: 60000, moz:useNonSpecCompliantPointerOrigin: false, moz:webdriverClick: true, moz:windowless: false, pageLoadStrategy: normal, platformName: WINDOWS, proxy: Proxy(), se:cdp: ws://localhost:56738/devtoo..., se:cdpVersion: 85.0, setWindowRect: true, strictFileInteractability: false, timeouts: {implicit: 0, pageLoad: 300000, script: 30000}, unhandledPromptBehavior: dismiss and notify}
Session ID: 01e07ce9-80f8-4a89-87bc-962201ab6bc7
