14:18:03.194  INFO  manager.ApplicationManager - All test run in firefox browser
14:18:04.277  INFO  manager.ApplicationManager - current url ---->https://contacts-app.tobbymarshall815.vercel.app/home
14:18:04.330  INFO  tests.TestBase - Start method with name --> loginNegativeTestsWrongEmail
14:18:09.361  INFO  manager.MyListener - WebDriver start find element -->By.cssSelector: a[href='/login']
14:18:09.392  INFO  manager.MyListener - WebDriver found element by locator -->By.cssSelector: a[href='/login']
14:18:09.661  INFO  manager.MyListener - WebDriver start find element -->By.xpath: //input[1]
14:18:09.699  INFO  manager.MyListener - WebDriver found element by locator -->By.xpath: //input[1]
14:18:09.995  INFO  manager.MyListener - WebDriver start find element -->By.xpath: //input[2]
14:18:10.015  INFO  manager.MyListener - WebDriver found element by locator -->By.xpath: //input[2]
14:18:16.304  INFO  manager.MyListener - WebDriver start find element -->By.xpath: //button[1]
14:18:16.324  INFO  manager.MyListener - WebDriver found element by locator -->By.xpath: //button[1]
14:18:22.622  INFO  manager.MyListener - The name of method with error is --> public abstract java.util.List org.openqa.selenium.WebDriver.findElements(org.openqa.selenium.By)
14:18:22.622  INFO  manager.MyListener - Houston, we have a problem org.openqa.selenium.UnhandledAlertException: Dismissed user prompt dialog: Wrong email or password format
            Email must contains one @ and minimum 2 symbols after last dot
            Password must contain at least one uppercase letter!
            Password must contain at least one lowercase letter!
            Password must contain at least one digit!
            Password must contain at least one special symbol from [‘$’,’~’,’-‘,’_’]!: 
Build info: version: '4.2.2', revision: '683ccb65d6'
System info: host: 'DESKTOP-31QDJF0', ip: '192.168.1.203', os.name: 'Windows 10', os.arch: 'amd64', os.version: '10.0', java.version: '11.0.15.1'
Driver info: org.openqa.selenium.firefox.FirefoxDriver
Command: [71524746-a22e-4c38-b200-9ee66c7bb9a1, findElements {using=xpath, value=//button[text()='Sign Out']}]
Capabilities {acceptInsecureCerts: true, browserName: firefox, browserVersion: 103.0.1, moz:accessibilityChecks: false, moz:buildID: 20220729222726, moz:debuggerAddress: localhost:55247, moz:geckodriverVersion: 0.31.0, moz:headless: false, moz:platformVersion: 10.0, moz:processID: 18380, moz:profile: C:\Users\alexa\AppData\Loca..., moz:shutdownTimeout: 60000, moz:useNonSpecCompliantPointerOrigin: false, moz:webdriverClick: true, moz:windowless: false, pageLoadStrategy: normal, platformName: WINDOWS, proxy: Proxy(), se:cdp: ws://localhost:55247/devtoo..., se:cdpVersion: 85.0, setWindowRect: true, strictFileInteractability: false, timeouts: {implicit: 0, pageLoad: 300000, script: 30000}, unhandledPromptBehavior: dismiss and notify}
Session ID: 71524746-a22e-4c38-b200-9ee66c7bb9a1
