22:03:15.359  INFO  manager.ApplicationManager - All test run in chrome browser
22:03:16.296  INFO  manager.ApplicationManager - current url ---->https://contacts-app.tobbymarshall815.vercel.app/home
22:03:16.350  INFO  tests.TestBase - Start method with name --> addNewContactSuccess
22:03:21.415  INFO  manager.MyListener - WebDriver start find element -->By.cssSelector: a[href='/login']
22:03:21.448  INFO  manager.MyListener - WebDriver found element by locator -->By.cssSelector: a[href='/login']
22:03:21.547  INFO  manager.MyListener - WebDriver start find element -->By.xpath: //input[1]
22:03:21.598  INFO  manager.MyListener - WebDriver found element by locator -->By.xpath: //input[1]
22:03:21.757  INFO  manager.MyListener - WebDriver start find element -->By.xpath: //input[2]
22:03:21.795  INFO  manager.MyListener - WebDriver found element by locator -->By.xpath: //input[2]
22:03:21.949  INFO  manager.MyListener - WebDriver start find element -->By.xpath: //button[1]
22:03:21.983  INFO  manager.MyListener - WebDriver found element by locator -->By.xpath: //button[1]
22:03:22.550  INFO  manager.MyListener - WebDriver start find element -->By.xpath: //a[text()='ADD']
22:03:22.773  INFO  manager.MyListener - WebDriver found element by locator -->By.xpath: //a[text()='ADD']
22:03:22.825  INFO  manager.MyListener - WebDriver start find element -->By.cssSelector: [placeholder='Name']
22:03:22.860  INFO  manager.MyListener - WebDriver found element by locator -->By.cssSelector: [placeholder='Name']
22:03:22.960  INFO  manager.MyListener - WebDriver start find element -->By.cssSelector: [placeholder='Last Name']
22:03:22.981  INFO  manager.MyListener - WebDriver found element by locator -->By.cssSelector: [placeholder='Last Name']
22:03:23.084  INFO  manager.MyListener - WebDriver start find element -->By.cssSelector: [placeholder='Phone']
22:03:23.107  INFO  manager.MyListener - WebDriver found element by locator -->By.cssSelector: [placeholder='Phone']
22:03:23.245  INFO  manager.MyListener - WebDriver start find element -->By.cssSelector: [placeholder='email']
22:03:23.279  INFO  manager.MyListener - WebDriver found element by locator -->By.cssSelector: [placeholder='email']
22:03:23.409  INFO  manager.MyListener - WebDriver start find element -->By.cssSelector: [placeholder='Address']
22:03:23.433  INFO  manager.MyListener - WebDriver found element by locator -->By.cssSelector: [placeholder='Address']
22:03:23.549  INFO  manager.MyListener - WebDriver start find element -->By.cssSelector: [placeholder='description']
22:03:23.577  INFO  manager.MyListener - WebDriver found element by locator -->By.cssSelector: [placeholder='description']
22:03:23.696  INFO  manager.MyListener - WebDriver start find element -->By.cssSelector: [placeholder='description']
22:03:23.713  INFO  manager.MyListener - WebDriver found element by locator -->By.cssSelector: [placeholder='description']
22:03:23.741  INFO  manager.MyListener - WebDriver start find element -->By.cssSelector: .add_form__2rsm2 button
22:03:23.763  INFO  manager.MyListener - WebDriver found element by locator -->By.cssSelector: .add_form__2rsm2 button
22:03:24.399  INFO  tests.TestBase - Start method with name --> loginNegativeTestsWrongEmail
22:03:24.421  INFO  manager.MyListener - WebDriver start find element -->By.xpath: //button[text()='Sign Out']
22:03:24.443  INFO  manager.MyListener - WebDriver found element by locator -->By.xpath: //button[text()='Sign Out']
22:03:24.490  INFO  manager.MyListener - WebDriver start find element -->By.cssSelector: a[href='/login']
22:03:24.507  INFO  manager.MyListener - WebDriver found element by locator -->By.cssSelector: a[href='/login']
22:03:24.551  INFO  manager.MyListener - WebDriver start find element -->By.xpath: //input[1]
22:03:24.571  INFO  manager.MyListener - WebDriver found element by locator -->By.xpath: //input[1]
22:03:24.691  INFO  manager.MyListener - WebDriver start find element -->By.xpath: //input[2]
22:03:24.713  INFO  manager.MyListener - WebDriver found element by locator -->By.xpath: //input[2]
22:03:24.827  INFO  manager.MyListener - WebDriver start find element -->By.xpath: //button[1]
22:03:24.843  INFO  manager.MyListener - WebDriver found element by locator -->By.xpath: //button[1]
22:03:25.074  INFO  tests.TestBase - Start method with name --> loginSuccess
22:03:30.139  INFO  manager.MyListener - WebDriver start find element -->By.cssSelector: a[href='/login']
22:03:30.159  INFO  manager.MyListener - WebDriver found element by locator -->By.cssSelector: a[href='/login']
22:03:30.199  INFO  manager.MyListener - WebDriver start find element -->By.xpath: //input[1]
22:03:30.217  INFO  manager.MyListener - WebDriver found element by locator -->By.xpath: //input[1]
22:03:30.374  INFO  manager.MyListener - WebDriver start find element -->By.xpath: //input[2]
22:03:30.400  INFO  manager.MyListener - WebDriver found element by locator -->By.xpath: //input[2]
22:03:30.534  INFO  manager.MyListener - WebDriver start find element -->By.xpath: //button[1]
22:03:30.552  INFO  manager.MyListener - WebDriver found element by locator -->By.xpath: //button[1]
22:03:36.609  INFO  tests.TestBase - Start method with name --> loginSuccessN
22:03:36.638  INFO  manager.MyListener - WebDriver start find element -->By.xpath: //button[text()='Sign Out']
22:03:36.659  INFO  manager.MyListener - WebDriver found element by locator -->By.xpath: //button[text()='Sign Out']
22:03:36.716  INFO  manager.MyListener - WebDriver start find element -->By.cssSelector: a[href='/login']
22:03:36.736  INFO  manager.MyListener - WebDriver found element by locator -->By.cssSelector: a[href='/login']
22:03:36.776  INFO  manager.MyListener - WebDriver start find element -->By.xpath: //input[1]
22:03:36.798  INFO  manager.MyListener - WebDriver found element by locator -->By.xpath: //input[1]
22:03:36.925  INFO  manager.MyListener - WebDriver start find element -->By.xpath: //input[2]
22:03:36.948  INFO  manager.MyListener - WebDriver found element by locator -->By.xpath: //input[2]
22:03:37.074  INFO  manager.MyListener - WebDriver start find element -->By.xpath: //button[1]
22:03:37.093  INFO  manager.MyListener - WebDriver found element by locator -->By.xpath: //button[1]
22:03:43.138  INFO  tests.TestBase - Start method with name --> registrationSuccess
22:03:43.165  INFO  manager.MyListener - WebDriver start find element -->By.xpath: //button[text()='Sign Out']
22:03:43.187  INFO  manager.MyListener - WebDriver found element by locator -->By.xpath: //button[text()='Sign Out']
22:03:43.239  INFO  manager.MyListener - WebDriver start find element -->By.cssSelector: a[href='/login']
22:03:43.263  INFO  manager.MyListener - WebDriver found element by locator -->By.cssSelector: a[href='/login']
22:03:43.307  INFO  manager.MyListener - WebDriver start find element -->By.xpath: //input[1]
22:03:43.327  INFO  manager.MyListener - WebDriver found element by locator -->By.xpath: //input[1]
22:03:43.460  INFO  manager.MyListener - WebDriver start find element -->By.xpath: //input[2]
22:03:43.479  INFO  manager.MyListener - WebDriver found element by locator -->By.xpath: //input[2]
22:03:43.599  INFO  manager.MyListener - WebDriver start find element -->By.xpath: //button[2]
22:03:43.623  INFO  manager.MyListener - WebDriver found element by locator -->By.xpath: //button[2]
22:03:43.667  INFO  tests.TestBase - Start method with name --> registrationSuccess2
22:03:43.934  INFO  manager.MyListener - WebDriver start find element -->By.xpath: //button[text()='Sign Out']
22:03:43.975  INFO  manager.MyListener - WebDriver found element by locator -->By.xpath: //button[text()='Sign Out']
22:03:44.024  INFO  manager.MyListener - WebDriver start find element -->By.cssSelector: a[href='/login']
22:03:44.045  INFO  manager.MyListener - WebDriver found element by locator -->By.cssSelector: a[href='/login']
22:03:44.090  INFO  manager.MyListener - WebDriver start find element -->By.xpath: //input[1]
22:03:44.110  INFO  manager.MyListener - WebDriver found element by locator -->By.xpath: //input[1]
22:03:44.230  INFO  manager.MyListener - WebDriver start find element -->By.xpath: //input[2]
22:03:44.250  INFO  manager.MyListener - WebDriver found element by locator -->By.xpath: //input[2]
22:03:44.361  INFO  manager.MyListener - WebDriver start find element -->By.xpath: //button[2]
22:03:44.376  INFO  manager.MyListener - WebDriver found element by locator -->By.xpath: //button[2]
22:03:44.416  INFO  tests.TestBase - Start method with name --> removeAllContactsSuccess
22:03:50.106  INFO  manager.MyListener - WebDriver start find element -->By.xpath: //a[text()='ADD']
22:03:50.142  INFO  manager.MyListener - WebDriver found element by locator -->By.xpath: //a[text()='ADD']
22:03:50.196  INFO  manager.MyListener - WebDriver start find element -->By.cssSelector: [placeholder='Name']
22:03:50.219  INFO  manager.MyListener - WebDriver found element by locator -->By.cssSelector: [placeholder='Name']
22:03:50.339  INFO  manager.MyListener - WebDriver start find element -->By.cssSelector: [placeholder='Last Name']
22:03:50.362  INFO  manager.MyListener - WebDriver found element by locator -->By.cssSelector: [placeholder='Last Name']
22:03:50.472  INFO  manager.MyListener - WebDriver start find element -->By.cssSelector: [placeholder='Phone']
22:03:50.492  INFO  manager.MyListener - WebDriver found element by locator -->By.cssSelector: [placeholder='Phone']
22:03:50.608  INFO  manager.MyListener - WebDriver start find element -->By.cssSelector: [placeholder='email']
22:03:50.636  INFO  manager.MyListener - WebDriver found element by locator -->By.cssSelector: [placeholder='email']
22:03:50.770  INFO  manager.MyListener - WebDriver start find element -->By.cssSelector: [placeholder='Address']
22:03:50.800  INFO  manager.MyListener - WebDriver found element by locator -->By.cssSelector: [placeholder='Address']
22:03:50.904  INFO  manager.MyListener - WebDriver start find element -->By.cssSelector: button b
22:03:50.928  INFO  manager.MyListener - WebDriver found element by locator -->By.cssSelector: button b
22:03:51.464  INFO  manager.MyListener - WebDriver start find element -->By.xpath: //a[text()='ADD']
22:03:51.491  INFO  manager.MyListener - WebDriver found element by locator -->By.xpath: //a[text()='ADD']
22:03:51.535  INFO  manager.MyListener - WebDriver start find element -->By.cssSelector: [placeholder='Name']
22:03:51.554  INFO  manager.MyListener - WebDriver found element by locator -->By.cssSelector: [placeholder='Name']
22:03:51.691  INFO  manager.MyListener - WebDriver start find element -->By.cssSelector: [placeholder='Last Name']
22:03:51.711  INFO  manager.MyListener - WebDriver found element by locator -->By.cssSelector: [placeholder='Last Name']
22:03:51.827  INFO  manager.MyListener - WebDriver start find element -->By.cssSelector: [placeholder='Phone']
22:03:51.844  INFO  manager.MyListener - WebDriver found element by locator -->By.cssSelector: [placeholder='Phone']
22:03:51.961  INFO  manager.MyListener - WebDriver start find element -->By.cssSelector: [placeholder='email']
22:03:51.978  INFO  manager.MyListener - WebDriver found element by locator -->By.cssSelector: [placeholder='email']
22:03:52.115  INFO  manager.MyListener - WebDriver start find element -->By.cssSelector: [placeholder='Address']
22:03:52.137  INFO  manager.MyListener - WebDriver found element by locator -->By.cssSelector: [placeholder='Address']
22:03:52.246  INFO  manager.MyListener - WebDriver start find element -->By.cssSelector: button b
22:03:52.263  INFO  manager.MyListener - WebDriver found element by locator -->By.cssSelector: button b
22:03:52.808  INFO  manager.MyListener - WebDriver start find element -->By.xpath: //a[text()='ADD']
22:03:52.836  INFO  manager.MyListener - WebDriver found element by locator -->By.xpath: //a[text()='ADD']
22:03:52.879  INFO  manager.MyListener - WebDriver start find element -->By.cssSelector: [placeholder='Name']
22:03:52.898  INFO  manager.MyListener - WebDriver found element by locator -->By.cssSelector: [placeholder='Name']
22:03:53.013  INFO  manager.MyListener - WebDriver start find element -->By.cssSelector: [placeholder='Last Name']
22:03:53.034  INFO  manager.MyListener - WebDriver found element by locator -->By.cssSelector: [placeholder='Last Name']
22:03:53.150  INFO  manager.MyListener - WebDriver start find element -->By.cssSelector: [placeholder='Phone']
22:03:53.171  INFO  manager.MyListener - WebDriver found element by locator -->By.cssSelector: [placeholder='Phone']
22:03:53.284  INFO  manager.MyListener - WebDriver start find element -->By.cssSelector: [placeholder='email']
22:03:53.305  INFO  manager.MyListener - WebDriver found element by locator -->By.cssSelector: [placeholder='email']
22:03:53.425  INFO  manager.MyListener - WebDriver start find element -->By.cssSelector: [placeholder='Address']
22:03:53.440  INFO  manager.MyListener - WebDriver found element by locator -->By.cssSelector: [placeholder='Address']
22:03:53.540  INFO  manager.MyListener - WebDriver start find element -->By.cssSelector: button b
22:03:53.560  INFO  manager.MyListener - WebDriver found element by locator -->By.cssSelector: button b
22:03:53.887  INFO  manager.MyListener - WebDriver start find element -->By.cssSelector: .contact-item_card__2SOIM
22:03:53.907  INFO  manager.MyListener - WebDriver found element by locator -->By.cssSelector: .contact-item_card__2SOIM
22:03:53.951  INFO  manager.MyListener - WebDriver start find element -->By.xpath: //button[text()='Remove']
22:03:53.971  INFO  manager.MyListener - WebDriver found element by locator -->By.xpath: //button[text()='Remove']
22:03:54.548  INFO  manager.MyListener - WebDriver start find element -->By.cssSelector: .contact-item_card__2SOIM
22:03:54.572  INFO  manager.MyListener - WebDriver found element by locator -->By.cssSelector: .contact-item_card__2SOIM
22:03:54.618  INFO  manager.MyListener - WebDriver start find element -->By.xpath: //button[text()='Remove']
22:03:54.639  INFO  manager.MyListener - WebDriver found element by locator -->By.xpath: //button[text()='Remove']
22:03:55.210  INFO  manager.MyListener - WebDriver start find element -->By.cssSelector: .contact-item_card__2SOIM
22:03:55.233  INFO  manager.MyListener - WebDriver found element by locator -->By.cssSelector: .contact-item_card__2SOIM
22:03:55.279  INFO  manager.MyListener - WebDriver start find element -->By.xpath: //button[text()='Remove']
22:03:55.301  INFO  manager.MyListener - WebDriver found element by locator -->By.xpath: //button[text()='Remove']
22:04:00.884  INFO  manager.MyListener - WebDriver start find element -->By.cssSelector: .contact-page_message__2qafk h1
22:04:00.916  INFO  manager.MyListener - WebDriver found element by locator -->By.cssSelector: .contact-page_message__2qafk h1
22:04:00.939  INFO  tests.TestBase - Start method with name --> removeOneContactSuccess
22:04:06.505  INFO  manager.MyListener - WebDriver start find element -->By.xpath: //a[text()='ADD']
22:04:06.531  INFO  manager.MyListener - WebDriver found element by locator -->By.xpath: //a[text()='ADD']
22:04:06.572  INFO  manager.MyListener - WebDriver start find element -->By.cssSelector: [placeholder='Name']
22:04:06.594  INFO  manager.MyListener - WebDriver found element by locator -->By.cssSelector: [placeholder='Name']
22:04:06.720  INFO  manager.MyListener - WebDriver start find element -->By.cssSelector: [placeholder='Last Name']
22:04:06.741  INFO  manager.MyListener - WebDriver found element by locator -->By.cssSelector: [placeholder='Last Name']
22:04:06.856  INFO  manager.MyListener - WebDriver start find element -->By.cssSelector: [placeholder='Phone']
22:04:06.873  INFO  manager.MyListener - WebDriver found element by locator -->By.cssSelector: [placeholder='Phone']
22:04:06.994  INFO  manager.MyListener - WebDriver start find element -->By.cssSelector: [placeholder='email']
22:04:07.015  INFO  manager.MyListener - WebDriver found element by locator -->By.cssSelector: [placeholder='email']
22:04:07.148  INFO  manager.MyListener - WebDriver start find element -->By.cssSelector: [placeholder='Address']
22:04:07.162  INFO  manager.MyListener - WebDriver found element by locator -->By.cssSelector: [placeholder='Address']
22:04:07.266  INFO  manager.MyListener - WebDriver start find element -->By.cssSelector: button b
22:04:07.282  INFO  manager.MyListener - WebDriver found element by locator -->By.cssSelector: button b
22:04:07.829  INFO  manager.MyListener - WebDriver start find element -->By.xpath: //a[text()='ADD']
22:04:07.855  INFO  manager.MyListener - WebDriver found element by locator -->By.xpath: //a[text()='ADD']
22:04:07.892  INFO  manager.MyListener - WebDriver start find element -->By.cssSelector: [placeholder='Name']
22:04:07.911  INFO  manager.MyListener - WebDriver found element by locator -->By.cssSelector: [placeholder='Name']
22:04:08.036  INFO  manager.MyListener - WebDriver start find element -->By.cssSelector: [placeholder='Last Name']
22:04:08.055  INFO  manager.MyListener - WebDriver found element by locator -->By.cssSelector: [placeholder='Last Name']
22:04:08.169  INFO  manager.MyListener - WebDriver start find element -->By.cssSelector: [placeholder='Phone']
22:04:08.190  INFO  manager.MyListener - WebDriver found element by locator -->By.cssSelector: [placeholder='Phone']
22:04:08.316  INFO  manager.MyListener - WebDriver start find element -->By.cssSelector: [placeholder='email']
22:04:08.330  INFO  manager.MyListener - WebDriver found element by locator -->By.cssSelector: [placeholder='email']
22:04:08.458  INFO  manager.MyListener - WebDriver start find element -->By.cssSelector: [placeholder='Address']
22:04:08.477  INFO  manager.MyListener - WebDriver found element by locator -->By.cssSelector: [placeholder='Address']
22:04:08.581  INFO  manager.MyListener - WebDriver start find element -->By.cssSelector: button b
22:04:08.596  INFO  manager.MyListener - WebDriver found element by locator -->By.cssSelector: button b
22:04:09.144  INFO  manager.MyListener - WebDriver start find element -->By.xpath: //a[text()='ADD']
22:04:09.170  INFO  manager.MyListener - WebDriver found element by locator -->By.xpath: //a[text()='ADD']
22:04:09.214  INFO  manager.MyListener - WebDriver start find element -->By.cssSelector: [placeholder='Name']
22:04:09.237  INFO  manager.MyListener - WebDriver found element by locator -->By.cssSelector: [placeholder='Name']
22:04:09.356  INFO  manager.MyListener - WebDriver start find element -->By.cssSelector: [placeholder='Last Name']
22:04:09.372  INFO  manager.MyListener - WebDriver found element by locator -->By.cssSelector: [placeholder='Last Name']
22:04:09.480  INFO  manager.MyListener - WebDriver start find element -->By.cssSelector: [placeholder='Phone']
22:04:09.499  INFO  manager.MyListener - WebDriver found element by locator -->By.cssSelector: [placeholder='Phone']
22:04:09.623  INFO  manager.MyListener - WebDriver start find element -->By.cssSelector: [placeholder='email']
22:04:09.638  INFO  manager.MyListener - WebDriver found element by locator -->By.cssSelector: [placeholder='email']
22:04:09.763  INFO  manager.MyListener - WebDriver start find element -->By.cssSelector: [placeholder='Address']
22:04:09.781  INFO  manager.MyListener - WebDriver found element by locator -->By.cssSelector: [placeholder='Address']
22:04:09.878  INFO  manager.MyListener - WebDriver start find element -->By.cssSelector: button b
22:04:09.896  INFO  manager.MyListener - WebDriver found element by locator -->By.cssSelector: button b
22:04:11.035  INFO  manager.HelperBase - Count before remove is 3
22:04:11.066  INFO  manager.MyListener - WebDriver start find element -->By.cssSelector: .contact-item_card__2SOIM
22:04:11.087  INFO  manager.MyListener - WebDriver found element by locator -->By.cssSelector: .contact-item_card__2SOIM
22:04:11.132  INFO  manager.MyListener - WebDriver start find element -->By.xpath: //button[text()='Remove']
22:04:11.157  INFO  manager.MyListener - WebDriver found element by locator -->By.xpath: //button[text()='Remove']
22:04:11.734  INFO  manager.HelperBase - Count after remove is 2
