22:01:46.788  INFO  manager.ApplicationManager - All test run in chrome browser
22:01:48.008  INFO  manager.ApplicationManager - current url ---->https://contacts-app.tobbymarshall815.vercel.app/home
22:01:48.076  INFO  tests.TestBase - Start method with name --> loginNegativeTestsWrongEmail
22:01:53.130  INFO  manager.MyListener - WebDriver start find element -->By.cssSelector: a[href='/login']
22:01:53.170  INFO  manager.MyListener - WebDriver found element by locator -->By.cssSelector: a[href='/login']
22:01:53.263  INFO  manager.MyListener - WebDriver start find element -->By.xpath: //input[1]
22:01:53.304  INFO  manager.MyListener - WebDriver found element by locator -->By.xpath: //input[1]
22:01:53.468  INFO  manager.MyListener - WebDriver start find element -->By.xpath: //input[2]
22:01:53.497  INFO  manager.MyListener - WebDriver found element by locator -->By.xpath: //input[2]
22:01:53.602  INFO  manager.MyListener - WebDriver start find element -->By.xpath: //button[1]
22:01:53.626  INFO  manager.MyListener - WebDriver found element by locator -->By.xpath: //button[1]
22:01:54.508  INFO  tests.TestBase - Start method with name --> loginSuccess
22:01:59.549  INFO  manager.MyListener - WebDriver start find element -->By.cssSelector: a[href='/login']
22:01:59.585  INFO  manager.MyListener - WebDriver found element by locator -->By.cssSelector: a[href='/login']
22:01:59.636  INFO  manager.MyListener - WebDriver start find element -->By.xpath: //input[1]
22:01:59.660  INFO  manager.MyListener - WebDriver found element by locator -->By.xpath: //input[1]
22:01:59.851  INFO  manager.MyListener - WebDriver start find element -->By.xpath: //input[2]
22:01:59.877  INFO  manager.MyListener - WebDriver found element by locator -->By.xpath: //input[2]
22:02:00.031  INFO  manager.MyListener - WebDriver start find element -->By.xpath: //button[1]
22:02:00.060  INFO  manager.MyListener - WebDriver found element by locator -->By.xpath: //button[1]
22:02:06.108  INFO  tests.TestBase - Start method with name --> loginSuccessN
22:02:06.138  INFO  manager.MyListener - WebDriver start find element -->By.xpath: //button[text()='Sign Out']
22:02:06.166  INFO  manager.MyListener - WebDriver found element by locator -->By.xpath: //button[text()='Sign Out']
22:02:06.223  INFO  manager.MyListener - WebDriver start find element -->By.cssSelector: a[href='/login']
22:02:06.246  INFO  manager.MyListener - WebDriver found element by locator -->By.cssSelector: a[href='/login']
22:02:06.297  INFO  manager.MyListener - WebDriver start find element -->By.xpath: //input[1]
22:02:06.318  INFO  manager.MyListener - WebDriver found element by locator -->By.xpath: //input[1]
22:02:06.454  INFO  manager.MyListener - WebDriver start find element -->By.xpath: //input[2]
22:02:06.477  INFO  manager.MyListener - WebDriver found element by locator -->By.xpath: //input[2]
22:02:06.598  INFO  manager.MyListener - WebDriver start find element -->By.xpath: //button[1]
22:02:06.622  INFO  manager.MyListener - WebDriver found element by locator -->By.xpath: //button[1]
