14:14:09.937  INFO  manager.ApplicationManager - All test run in firefox browser
14:14:11.051  INFO  manager.ApplicationManager - current url ---->https://contacts-app.tobbymarshall815.vercel.app/home
14:14:11.105  INFO  tests.TestBase - Start method with name --> loginNegativeTestsWrongEmail
14:14:16.165  INFO  manager.MyListener - WebDriver start find element -->By.cssSelector: a[href='/login']
14:14:16.197  INFO  manager.MyListener - WebDriver found element by locator -->By.cssSelector: a[href='/login']
14:14:16.463  INFO  manager.MyListener - WebDriver start find element -->By.xpath: //input[1]
14:14:16.502  INFO  manager.MyListener - WebDriver found element by locator -->By.xpath: //input[1]
14:14:16.820  INFO  manager.MyListener - WebDriver start find element -->By.xpath: //input[2]
14:14:16.851  INFO  manager.MyListener - WebDriver found element by locator -->By.xpath: //input[2]
14:14:17.123  INFO  manager.MyListener - WebDriver start find element -->By.xpath: //button[1]
14:14:17.154  INFO  manager.MyListener - WebDriver found element by locator -->By.xpath: //button[1]
14:14:17.385  INFO  tests.TestBase - Start method with name --> loginSuccess
14:14:18.039  INFO  manager.MyListener - The name of method with error is --> public abstract java.util.List org.openqa.selenium.WebDriver.findElements(org.openqa.selenium.By)
14:14:18.054  INFO  manager.MyListener - Houston, we have a problem org.openqa.selenium.WebDriverException: Failed to interpret value as array
Build info: version: '4.2.2', revision: '683ccb65d6'
System info: host: 'DESKTOP-31QDJF0', ip: '192.168.1.203', os.name: 'Windows 10', os.arch: 'amd64', os.version: '10.0', java.version: '11.0.15.1'
Driver info: org.openqa.selenium.firefox.FirefoxDriver
Command: [ade2e636-86ca-49b7-9574-9cb6ac8bf0a9, findElements {using=xpath, value=//button[text()='Sign Out']}]
Capabilities {acceptInsecureCerts: true, browserName: firefox, browserVersion: 103.0.1, moz:accessibilityChecks: false, moz:buildID: 20220729222726, moz:debuggerAddress: localhost:61309, moz:geckodriverVersion: 0.31.0, moz:headless: false, moz:platformVersion: 10.0, moz:processID: 7736, moz:profile: C:\Users\alexa\AppData\Loca..., moz:shutdownTimeout: 60000, moz:useNonSpecCompliantPointerOrigin: false, moz:webdriverClick: true, moz:windowless: false, pageLoadStrategy: normal, platformName: WINDOWS, proxy: Proxy(), se:cdp: ws://localhost:61309/devtoo..., se:cdpVersion: 85.0, setWindowRect: true, strictFileInteractability: false, timeouts: {implicit: 0, pageLoad: 300000, script: 30000}, unhandledPromptBehavior: dismiss and notify}
Session ID: ade2e636-86ca-49b7-9574-9cb6ac8bf0a9
14:14:18.054  INFO  tests.TestBase - Start method with name --> loginSuccessN
14:14:18.070  INFO  manager.MyListener - The name of method with error is --> public abstract java.util.List org.openqa.selenium.WebDriver.findElements(org.openqa.selenium.By)
14:14:18.070  INFO  manager.MyListener - Houston, we have a problem org.openqa.selenium.UnhandledAlertException: Dismissed user prompt dialog: Wrong email or password format
            Email must contains one @ and minimum 2 symbols after last dot
            Password must contain at least one uppercase letter!
            Password must contain at least one lowercase letter!
            Password must contain at least one digit!
            Password must contain at least one special symbol from [‘$’,’~’,’-‘,’_’]!: 
Build info: version: '4.2.2', revision: '683ccb65d6'
System info: host: 'DESKTOP-31QDJF0', ip: '192.168.1.203', os.name: 'Windows 10', os.arch: 'amd64', os.version: '10.0', java.version: '11.0.15.1'
Driver info: org.openqa.selenium.firefox.FirefoxDriver
Command: [ade2e636-86ca-49b7-9574-9cb6ac8bf0a9, findElements {using=xpath, value=//button[text()='Sign Out']}]
Capabilities {acceptInsecureCerts: true, browserName: firefox, browserVersion: 103.0.1, moz:accessibilityChecks: false, moz:buildID: 20220729222726, moz:debuggerAddress: localhost:61309, moz:geckodriverVersion: 0.31.0, moz:headless: false, moz:platformVersion: 10.0, moz:processID: 7736, moz:profile: C:\Users\alexa\AppData\Loca..., moz:shutdownTimeout: 60000, moz:useNonSpecCompliantPointerOrigin: false, moz:webdriverClick: true, moz:windowless: false, pageLoadStrategy: normal, platformName: WINDOWS, proxy: Proxy(), se:cdp: ws://localhost:61309/devtoo..., se:cdpVersion: 85.0, setWindowRect: true, strictFileInteractability: false, timeouts: {implicit: 0, pageLoad: 300000, script: 30000}, unhandledPromptBehavior: dismiss and notify}
Session ID: ade2e636-86ca-49b7-9574-9cb6ac8bf0a9
