22:00:00.977  INFO  manager.ApplicationManager - All test run in chrome browser
22:00:09.999  INFO  manager.ApplicationManager - current url ---->https://contacts-app.tobbymarshall815.vercel.app/home
22:00:10.044  INFO  tests.TestBase - Start method with name --> addNewContactSuccess
22:00:15.080  INFO  manager.MyListener - WebDriver start find element -->By.cssSelector: a[href='/login']
22:00:15.128  INFO  manager.MyListener - WebDriver found element by locator -->By.cssSelector: a[href='/login']
22:00:15.246  INFO  manager.MyListener - WebDriver start find element -->By.xpath: //input[1]
22:00:15.279  INFO  manager.MyListener - WebDriver found element by locator -->By.xpath: //input[1]
22:00:15.427  INFO  manager.MyListener - WebDriver start find element -->By.xpath: //input[2]
22:00:15.455  INFO  manager.MyListener - WebDriver found element by locator -->By.xpath: //input[2]
22:00:15.588  INFO  manager.MyListener - WebDriver start find element -->By.xpath: //button[1]
22:00:15.614  INFO  manager.MyListener - WebDriver found element by locator -->By.xpath: //button[1]
22:00:16.166  INFO  manager.MyListener - WebDriver start find element -->By.xpath: //a[text()='ADD']
22:00:21.244  INFO  manager.MyListener - The name of method with error is --> public abstract org.openqa.selenium.WebElement org.openqa.selenium.WebDriver.findElement(org.openqa.selenium.By)
22:00:21.251  INFO  manager.MyListener - Houston, we have a problem org.openqa.selenium.NoSuchElementException: no such element: Unable to locate element: {"method":"xpath","selector":"//a[text()='ADD']"}
  (Session info: chrome=103.0.5060.134)
For documentation on this error, please visit: https://selenium.dev/exceptions/#no_such_element
Build info: version: '4.2.2', revision: '683ccb65d6'
System info: host: 'DESKTOP-31QDJF0', ip: '192.168.1.203', os.name: 'Windows 10', os.arch: 'amd64', os.version: '10.0', java.version: '11.0.15.1'
Driver info: org.openqa.selenium.chrome.ChromeDriver
Command: [2893516f6032fc8424f047c919acdfb8, findElement {using=xpath, value=//a[text()='ADD']}]
Capabilities {acceptInsecureCerts: false, browserName: chrome, browserVersion: 103.0.5060.134, chrome: {chromedriverVersion: 103.0.5060.53 (a1711811edd7..., userDataDir: C:\Users\alexa\AppData\Loca...}, goog:chromeOptions: {debuggerAddress: localhost:50943}, networkConnectionEnabled: false, pageLoadStrategy: normal, platformName: WINDOWS, proxy: Proxy(), se:cdp: ws://localhost:50943/devtoo..., se:cdpVersion: 103.0.5060.134, setWindowRect: true, strictFileInteractability: false, timeouts: {implicit: 0, pageLoad: 300000, script: 30000}, unhandledPromptBehavior: dismiss and notify, webauthn:extension:credBlob: true, webauthn:extension:largeBlob: true, webauthn:virtualAuthenticators: true}
Session ID: 2893516f6032fc8424f047c919acdfb8
22:00:21.259  INFO  tests.TestBase - Start method with name --> loginNegativeTestsWrongEmail
22:00:26.317  INFO  manager.MyListener - WebDriver start find element -->By.cssSelector: a[href='/login']
22:00:26.349  INFO  manager.MyListener - WebDriver found element by locator -->By.cssSelector: a[href='/login']
22:00:26.412  INFO  manager.MyListener - WebDriver start find element -->By.xpath: //input[1]
22:00:31.435  INFO  manager.MyListener - The name of method with error is --> public abstract org.openqa.selenium.WebElement org.openqa.selenium.WebDriver.findElement(org.openqa.selenium.By)
22:00:31.436  INFO  manager.MyListener - Houston, we have a problem org.openqa.selenium.NoSuchElementException: no such element: Unable to locate element: {"method":"xpath","selector":"//input[1]"}
  (Session info: chrome=103.0.5060.134)
For documentation on this error, please visit: https://selenium.dev/exceptions/#no_such_element
Build info: version: '4.2.2', revision: '683ccb65d6'
System info: host: 'DESKTOP-31QDJF0', ip: '192.168.1.203', os.name: 'Windows 10', os.arch: 'amd64', os.version: '10.0', java.version: '11.0.15.1'
Driver info: org.openqa.selenium.chrome.ChromeDriver
Command: [2893516f6032fc8424f047c919acdfb8, findElement {using=xpath, value=//input[1]}]
Capabilities {acceptInsecureCerts: false, browserName: chrome, browserVersion: 103.0.5060.134, chrome: {chromedriverVersion: 103.0.5060.53 (a1711811edd7..., userDataDir: C:\Users\alexa\AppData\Loca...}, goog:chromeOptions: {debuggerAddress: localhost:50943}, networkConnectionEnabled: false, pageLoadStrategy: normal, platformName: WINDOWS, proxy: Proxy(), se:cdp: ws://localhost:50943/devtoo..., se:cdpVersion: 103.0.5060.134, setWindowRect: true, strictFileInteractability: false, timeouts: {implicit: 0, pageLoad: 300000, script: 30000}, unhandledPromptBehavior: dismiss and notify, webauthn:extension:credBlob: true, webauthn:extension:largeBlob: true, webauthn:virtualAuthenticators: true}
Session ID: 2893516f6032fc8424f047c919acdfb8
22:00:31.441  INFO  tests.TestBase - Start method with name --> loginSuccess
22:00:31.476  INFO  manager.MyListener - WebDriver start find element -->By.xpath: //button[text()='Sign Out']
22:00:31.506  INFO  manager.MyListener - WebDriver found element by locator -->By.xpath: //button[text()='Sign Out']
22:00:31.552  INFO  manager.MyListener - WebDriver start find element -->By.cssSelector: a[href='/login']
22:00:31.573  INFO  manager.MyListener - WebDriver found element by locator -->By.cssSelector: a[href='/login']
22:00:31.617  INFO  manager.MyListener - WebDriver start find element -->By.xpath: //input[1]
22:00:31.638  INFO  manager.MyListener - WebDriver found element by locator -->By.xpath: //input[1]
22:00:31.762  INFO  manager.MyListener - WebDriver start find element -->By.xpath: //input[2]
22:00:31.787  INFO  manager.MyListener - WebDriver found element by locator -->By.xpath: //input[2]
22:00:31.926  INFO  manager.MyListener - WebDriver start find element -->By.xpath: //button[1]
22:00:31.957  INFO  manager.MyListener - WebDriver found element by locator -->By.xpath: //button[1]
22:00:38.015  INFO  tests.TestBase - Start method with name --> loginSuccessN
22:00:38.049  INFO  manager.MyListener - WebDriver start find element -->By.xpath: //button[text()='Sign Out']
22:00:38.078  INFO  manager.MyListener - WebDriver found element by locator -->By.xpath: //button[text()='Sign Out']
22:00:38.139  INFO  manager.MyListener - WebDriver start find element -->By.cssSelector: a[href='/login']
22:00:38.166  INFO  manager.MyListener - WebDriver found element by locator -->By.cssSelector: a[href='/login']
22:00:38.213  INFO  manager.MyListener - WebDriver start find element -->By.xpath: //input[1]
22:00:38.238  INFO  manager.MyListener - WebDriver found element by locator -->By.xpath: //input[1]
22:00:38.374  INFO  manager.MyListener - WebDriver start find element -->By.xpath: //input[2]
22:00:38.394  INFO  manager.MyListener - WebDriver found element by locator -->By.xpath: //input[2]
22:00:38.518  INFO  manager.MyListener - WebDriver start find element -->By.xpath: //button[1]
22:00:38.539  INFO  manager.MyListener - WebDriver found element by locator -->By.xpath: //button[1]
22:00:44.597  INFO  tests.TestBase - Start method with name --> registrationSuccess
22:00:44.627  INFO  manager.MyListener - WebDriver start find element -->By.xpath: //button[text()='Sign Out']
22:00:44.652  INFO  manager.MyListener - WebDriver found element by locator -->By.xpath: //button[text()='Sign Out']
22:00:44.709  INFO  manager.MyListener - WebDriver start find element -->By.cssSelector: a[href='/login']
22:00:44.727  INFO  manager.MyListener - WebDriver found element by locator -->By.cssSelector: a[href='/login']
22:00:44.778  INFO  manager.MyListener - WebDriver start find element -->By.xpath: //input[1]
22:00:44.802  INFO  manager.MyListener - WebDriver found element by locator -->By.xpath: //input[1]
22:00:44.957  INFO  manager.MyListener - WebDriver start find element -->By.xpath: //input[2]
22:00:44.982  INFO  manager.MyListener - WebDriver found element by locator -->By.xpath: //input[2]
22:00:45.108  INFO  manager.MyListener - WebDriver start find element -->By.xpath: //button[2]
22:00:45.132  INFO  manager.MyListener - WebDriver found element by locator -->By.xpath: //button[2]
22:00:45.181  INFO  tests.TestBase - Start method with name --> registrationSuccess2
22:00:45.462  INFO  manager.MyListener - WebDriver start find element -->By.xpath: //button[text()='Sign Out']
22:00:45.482  INFO  manager.MyListener - WebDriver found element by locator -->By.xpath: //button[text()='Sign Out']
22:00:45.543  INFO  manager.MyListener - WebDriver start find element -->By.cssSelector: a[href='/login']
22:00:45.563  INFO  manager.MyListener - WebDriver found element by locator -->By.cssSelector: a[href='/login']
22:00:45.609  INFO  manager.MyListener - WebDriver start find element -->By.xpath: //input[1]
22:00:45.632  INFO  manager.MyListener - WebDriver found element by locator -->By.xpath: //input[1]
22:00:45.756  INFO  manager.MyListener - WebDriver start find element -->By.xpath: //input[2]
22:00:45.773  INFO  manager.MyListener - WebDriver found element by locator -->By.xpath: //input[2]
22:00:45.889  INFO  manager.MyListener - WebDriver start find element -->By.xpath: //button[2]
22:00:45.912  INFO  manager.MyListener - WebDriver found element by locator -->By.xpath: //button[2]
22:00:45.960  INFO  tests.TestBase - Start method with name --> removeAllContactsSuccess
22:00:51.671  INFO  manager.MyListener - WebDriver start find element -->By.xpath: //a[text()='ADD']
22:00:51.706  INFO  manager.MyListener - WebDriver found element by locator -->By.xpath: //a[text()='ADD']
22:00:51.779  INFO  manager.MyListener - WebDriver start find element -->By.cssSelector: [placeholder='Name']
22:00:51.804  INFO  manager.MyListener - WebDriver found element by locator -->By.cssSelector: [placeholder='Name']
22:00:51.932  INFO  manager.MyListener - WebDriver start find element -->By.cssSelector: [placeholder='Last Name']
22:00:51.960  INFO  manager.MyListener - WebDriver found element by locator -->By.cssSelector: [placeholder='Last Name']
22:00:52.078  INFO  manager.MyListener - WebDriver start find element -->By.cssSelector: [placeholder='Phone']
22:00:52.107  INFO  manager.MyListener - WebDriver found element by locator -->By.cssSelector: [placeholder='Phone']
22:00:52.233  INFO  manager.MyListener - WebDriver start find element -->By.cssSelector: [placeholder='email']
22:00:52.260  INFO  manager.MyListener - WebDriver found element by locator -->By.cssSelector: [placeholder='email']
22:00:52.391  INFO  manager.MyListener - WebDriver start find element -->By.cssSelector: [placeholder='Address']
22:00:52.414  INFO  manager.MyListener - WebDriver found element by locator -->By.cssSelector: [placeholder='Address']
22:00:52.527  INFO  manager.MyListener - WebDriver start find element -->By.cssSelector: button b
22:00:52.553  INFO  manager.MyListener - WebDriver found element by locator -->By.cssSelector: button b
22:00:53.103  INFO  manager.MyListener - WebDriver start find element -->By.xpath: //a[text()='ADD']
22:00:53.132  INFO  manager.MyListener - WebDriver found element by locator -->By.xpath: //a[text()='ADD']
22:00:53.175  INFO  manager.MyListener - WebDriver start find element -->By.cssSelector: [placeholder='Name']
22:00:53.194  INFO  manager.MyListener - WebDriver found element by locator -->By.cssSelector: [placeholder='Name']
22:00:53.325  INFO  manager.MyListener - WebDriver start find element -->By.cssSelector: [placeholder='Last Name']
22:00:53.346  INFO  manager.MyListener - WebDriver found element by locator -->By.cssSelector: [placeholder='Last Name']
22:00:53.458  INFO  manager.MyListener - WebDriver start find element -->By.cssSelector: [placeholder='Phone']
22:00:53.482  INFO  manager.MyListener - WebDriver found element by locator -->By.cssSelector: [placeholder='Phone']
22:00:53.604  INFO  manager.MyListener - WebDriver start find element -->By.cssSelector: [placeholder='email']
22:00:53.627  INFO  manager.MyListener - WebDriver found element by locator -->By.cssSelector: [placeholder='email']
22:00:53.754  INFO  manager.MyListener - WebDriver start find element -->By.cssSelector: [placeholder='Address']
22:00:53.777  INFO  manager.MyListener - WebDriver found element by locator -->By.cssSelector: [placeholder='Address']
22:00:53.888  INFO  manager.MyListener - WebDriver start find element -->By.cssSelector: button b
22:00:53.910  INFO  manager.MyListener - WebDriver found element by locator -->By.cssSelector: button b
22:00:54.462  INFO  manager.MyListener - WebDriver start find element -->By.xpath: //a[text()='ADD']
22:00:54.493  INFO  manager.MyListener - WebDriver found element by locator -->By.xpath: //a[text()='ADD']
22:00:54.558  INFO  manager.MyListener - WebDriver start find element -->By.cssSelector: [placeholder='Name']
22:00:54.586  INFO  manager.MyListener - WebDriver found element by locator -->By.cssSelector: [placeholder='Name']
22:00:54.721  INFO  manager.MyListener - WebDriver start find element -->By.cssSelector: [placeholder='Last Name']
22:00:54.745  INFO  manager.MyListener - WebDriver found element by locator -->By.cssSelector: [placeholder='Last Name']
22:00:54.867  INFO  manager.MyListener - WebDriver start find element -->By.cssSelector: [placeholder='Phone']
22:00:54.885  INFO  manager.MyListener - WebDriver found element by locator -->By.cssSelector: [placeholder='Phone']
22:00:55.008  INFO  manager.MyListener - WebDriver start find element -->By.cssSelector: [placeholder='email']
22:00:55.032  INFO  manager.MyListener - WebDriver found element by locator -->By.cssSelector: [placeholder='email']
22:00:55.171  INFO  manager.MyListener - WebDriver start find element -->By.cssSelector: [placeholder='Address']
22:00:55.194  INFO  manager.MyListener - WebDriver found element by locator -->By.cssSelector: [placeholder='Address']
22:00:55.308  INFO  manager.MyListener - WebDriver start find element -->By.cssSelector: button b
22:00:55.341  INFO  manager.MyListener - WebDriver found element by locator -->By.cssSelector: button b
22:00:55.738  INFO  manager.MyListener - WebDriver start find element -->By.cssSelector: .contact-item_card__2SOIM
22:00:55.763  INFO  manager.MyListener - WebDriver found element by locator -->By.cssSelector: .contact-item_card__2SOIM
22:00:55.817  INFO  manager.MyListener - WebDriver start find element -->By.xpath: //button[text()='Remove']
22:00:55.843  INFO  manager.MyListener - WebDriver found element by locator -->By.xpath: //button[text()='Remove']
22:00:56.444  INFO  manager.MyListener - WebDriver start find element -->By.cssSelector: .contact-item_card__2SOIM
22:00:56.467  INFO  manager.MyListener - WebDriver found element by locator -->By.cssSelector: .contact-item_card__2SOIM
22:00:56.503  INFO  manager.MyListener - WebDriver start find element -->By.xpath: //button[text()='Remove']
22:00:56.522  INFO  manager.MyListener - WebDriver found element by locator -->By.xpath: //button[text()='Remove']
22:00:57.110  INFO  manager.MyListener - WebDriver start find element -->By.cssSelector: .contact-item_card__2SOIM
22:00:57.131  INFO  manager.MyListener - WebDriver found element by locator -->By.cssSelector: .contact-item_card__2SOIM
22:00:57.169  INFO  manager.MyListener - WebDriver start find element -->By.xpath: //button[text()='Remove']
22:00:57.189  INFO  manager.MyListener - WebDriver found element by locator -->By.xpath: //button[text()='Remove']
22:00:57.766  INFO  manager.MyListener - WebDriver start find element -->By.cssSelector: .contact-item_card__2SOIM
22:00:57.787  INFO  manager.MyListener - WebDriver found element by locator -->By.cssSelector: .contact-item_card__2SOIM
22:00:57.823  INFO  manager.MyListener - WebDriver start find element -->By.xpath: //button[text()='Remove']
22:00:57.840  INFO  manager.MyListener - WebDriver found element by locator -->By.xpath: //button[text()='Remove']
22:00:58.413  INFO  manager.MyListener - WebDriver start find element -->By.cssSelector: .contact-item_card__2SOIM
22:00:58.431  INFO  manager.MyListener - WebDriver found element by locator -->By.cssSelector: .contact-item_card__2SOIM
22:00:58.466  INFO  manager.MyListener - WebDriver start find element -->By.xpath: //button[text()='Remove']
22:00:58.489  INFO  manager.MyListener - WebDriver found element by locator -->By.xpath: //button[text()='Remove']
22:00:59.063  INFO  manager.MyListener - WebDriver start find element -->By.cssSelector: .contact-item_card__2SOIM
22:00:59.081  INFO  manager.MyListener - WebDriver found element by locator -->By.cssSelector: .contact-item_card__2SOIM
22:00:59.118  INFO  manager.MyListener - WebDriver start find element -->By.xpath: //button[text()='Remove']
22:00:59.136  INFO  manager.MyListener - WebDriver found element by locator -->By.xpath: //button[text()='Remove']
22:01:04.721  INFO  manager.MyListener - WebDriver start find element -->By.cssSelector: .contact-page_message__2qafk h1
22:01:04.743  INFO  manager.MyListener - WebDriver found element by locator -->By.cssSelector: .contact-page_message__2qafk h1
22:01:04.770  INFO  tests.TestBase - Start method with name --> removeOneContactSuccess
22:01:10.359  INFO  manager.MyListener - WebDriver start find element -->By.xpath: //a[text()='ADD']
22:01:10.396  INFO  manager.MyListener - WebDriver found element by locator -->By.xpath: //a[text()='ADD']
22:01:10.486  INFO  manager.MyListener - WebDriver start find element -->By.cssSelector: [placeholder='Name']
22:01:10.511  INFO  manager.MyListener - WebDriver found element by locator -->By.cssSelector: [placeholder='Name']
22:01:10.632  INFO  manager.MyListener - WebDriver start find element -->By.cssSelector: [placeholder='Last Name']
22:01:10.653  INFO  manager.MyListener - WebDriver found element by locator -->By.cssSelector: [placeholder='Last Name']
22:01:10.765  INFO  manager.MyListener - WebDriver start find element -->By.cssSelector: [placeholder='Phone']
22:01:10.789  INFO  manager.MyListener - WebDriver found element by locator -->By.cssSelector: [placeholder='Phone']
22:01:10.895  INFO  manager.MyListener - WebDriver start find element -->By.cssSelector: [placeholder='email']
22:01:10.913  INFO  manager.MyListener - WebDriver found element by locator -->By.cssSelector: [placeholder='email']
22:01:11.038  INFO  manager.MyListener - WebDriver start find element -->By.cssSelector: [placeholder='Address']
22:01:11.059  INFO  manager.MyListener - WebDriver found element by locator -->By.cssSelector: [placeholder='Address']
22:01:11.182  INFO  manager.MyListener - WebDriver start find element -->By.cssSelector: button b
22:01:11.206  INFO  manager.MyListener - WebDriver found element by locator -->By.cssSelector: button b
22:01:11.756  INFO  manager.MyListener - WebDriver start find element -->By.xpath: //a[text()='ADD']
22:01:11.782  INFO  manager.MyListener - WebDriver found element by locator -->By.xpath: //a[text()='ADD']
22:01:11.833  INFO  manager.MyListener - WebDriver start find element -->By.cssSelector: [placeholder='Name']
22:01:11.855  INFO  manager.MyListener - WebDriver found element by locator -->By.cssSelector: [placeholder='Name']
22:01:11.984  INFO  manager.MyListener - WebDriver start find element -->By.cssSelector: [placeholder='Last Name']
22:01:12.000  INFO  manager.MyListener - WebDriver found element by locator -->By.cssSelector: [placeholder='Last Name']
22:01:12.109  INFO  manager.MyListener - WebDriver start find element -->By.cssSelector: [placeholder='Phone']
22:01:12.125  INFO  manager.MyListener - WebDriver found element by locator -->By.cssSelector: [placeholder='Phone']
22:01:12.241  INFO  manager.MyListener - WebDriver start find element -->By.cssSelector: [placeholder='email']
22:01:12.260  INFO  manager.MyListener - WebDriver found element by locator -->By.cssSelector: [placeholder='email']
22:01:12.394  INFO  manager.MyListener - WebDriver start find element -->By.cssSelector: [placeholder='Address']
22:01:12.409  INFO  manager.MyListener - WebDriver found element by locator -->By.cssSelector: [placeholder='Address']
22:01:12.518  INFO  manager.MyListener - WebDriver start find element -->By.cssSelector: button b
22:01:12.540  INFO  manager.MyListener - WebDriver found element by locator -->By.cssSelector: button b
22:01:13.098  INFO  manager.MyListener - WebDriver start find element -->By.xpath: //a[text()='ADD']
22:01:13.124  INFO  manager.MyListener - WebDriver found element by locator -->By.xpath: //a[text()='ADD']
22:01:13.176  INFO  manager.MyListener - WebDriver start find element -->By.cssSelector: [placeholder='Name']
22:01:13.195  INFO  manager.MyListener - WebDriver found element by locator -->By.cssSelector: [placeholder='Name']
22:01:13.321  INFO  manager.MyListener - WebDriver start find element -->By.cssSelector: [placeholder='Last Name']
22:01:13.337  INFO  manager.MyListener - WebDriver found element by locator -->By.cssSelector: [placeholder='Last Name']
22:01:13.448  INFO  manager.MyListener - WebDriver start find element -->By.cssSelector: [placeholder='Phone']
22:01:13.468  INFO  manager.MyListener - WebDriver found element by locator -->By.cssSelector: [placeholder='Phone']
22:01:13.585  INFO  manager.MyListener - WebDriver start find element -->By.cssSelector: [placeholder='email']
22:01:13.605  INFO  manager.MyListener - WebDriver found element by locator -->By.cssSelector: [placeholder='email']
22:01:13.736  INFO  manager.MyListener - WebDriver start find element -->By.cssSelector: [placeholder='Address']
22:01:13.752  INFO  manager.MyListener - WebDriver found element by locator -->By.cssSelector: [placeholder='Address']
22:01:13.859  INFO  manager.MyListener - WebDriver start find element -->By.cssSelector: button b
22:01:13.878  INFO  manager.MyListener - WebDriver found element by locator -->By.cssSelector: button b
22:01:14.277  INFO  manager.HelperBase - Count before remove is 3
22:01:14.306  INFO  manager.MyListener - WebDriver start find element -->By.cssSelector: .contact-item_card__2SOIM
22:01:14.328  INFO  manager.MyListener - WebDriver found element by locator -->By.cssSelector: .contact-item_card__2SOIM
22:01:14.375  INFO  manager.MyListener - WebDriver start find element -->By.xpath: //button[text()='Remove']
22:01:14.398  INFO  manager.MyListener - WebDriver found element by locator -->By.xpath: //button[text()='Remove']
22:01:14.976  INFO  manager.HelperBase - Count after remove is 2
